Raw link load for one ring run:
  R-R p0_e0:p0_e0-eth2  Δtx=15765628 B  Δrx=15768228 B
Raw link load for one ring run:
  R-R p0_a2:p0_a2-eth0  Δtx=15768228 B  Δrx=15765628 B
Raw link load for one ring run:
  R-R p0_e0:p0_e0-eth3  Δtx=5366 B  Δrx=6198 B
Raw link load for one ring run:
  R-R p0_a3:p0_a3-eth0  Δtx=6198 B  Δrx=5448 B
Raw link load for one ring run:
  R-R p0_e1:p0_e1-eth2  Δtx=15764190 B  Δrx=15774610 B
Raw link load for one ring run:
  R-R p0_a2:p0_a2-eth1  Δtx=15774610 B  Δrx=15764190 B
Raw link load for one ring run:
  R-R p0_e1:p0_e1-eth3  Δtx=5726 B  Δrx=6432 B
Raw link load for one ring run:
  R-R p0_a3:p0_a3-eth1  Δtx=6432 B  Δrx=5726 B
Raw link load for one ring run:
  R-R p1_e0:p1_e0-eth2  Δtx=15769830 B  Δrx=15765696 B
Raw link load for one ring run:
  R-R p1_a2:p1_a2-eth0  Δtx=15765696 B  Δrx=15769830 B
Raw link load for one ring run:
  R-R p1_e0:p1_e0-eth3  Δtx=6138 B  Δrx=6854 B
Raw link load for one ring run:
  R-R p1_a3:p1_a3-eth0  Δtx=6854 B  Δrx=6138 B
Raw link load for one ring run:
  R-R p1_e1:p1_e1-eth2  Δtx=15770506 B  Δrx=15768400 B
Raw link load for one ring run:
  R-R p1_a2:p1_a2-eth1  Δtx=15768400 B  Δrx=15770506 B
Raw link load for one ring run:
  R-R p1_e1:p1_e1-eth3  Δtx=5930 B  Δrx=6636 B
Raw link load for one ring run:
  R-R p1_a3:p1_a3-eth1  Δtx=6636 B  Δrx=5930 B
Raw link load for one ring run:
  R-R p2_e0:p2_e0-eth2  Δtx=15767436 B  Δrx=15769344 B
Raw link load for one ring run:
  R-R p2_a2:p2_a2-eth0  Δtx=15769344 B  Δrx=15767436 B
Raw link load for one ring run:
  R-R p2_e0:p2_e0-eth3  Δtx=5100 B  Δrx=5984 B
Raw link load for one ring run:
  R-R p2_a3:p2_a3-eth0  Δtx=5984 B  Δrx=5100 B
Raw link load for one ring run:
  R-R p2_e1:p2_e1-eth2  Δtx=15769190 B  Δrx=15768846 B
Raw link load for one ring run:
  R-R p2_a2:p2_a2-eth1  Δtx=15768846 B  Δrx=15769190 B
Raw link load for one ring run:
  R-R p2_e1:p2_e1-eth3  Δtx=4662 B  Δrx=6756 B
Raw link load for one ring run:
  R-R p2_a3:p2_a3-eth1  Δtx=6756 B  Δrx=4662 B
Raw link load for one ring run:
  R-R p3_e0:p3_e0-eth2  Δtx=15766228 B  Δrx=15768068 B
Raw link load for one ring run:
  R-R p3_a2:p3_a2-eth0  Δtx=15768068 B  Δrx=15766228 B
Raw link load for one ring run:
  R-R p3_e0:p3_e0-eth3  Δtx=5194 B  Δrx=6252 B
Raw link load for one ring run:
  R-R p3_a3:p3_a3-eth0  Δtx=6252 B  Δrx=5194 B
Raw link load for one ring run:
  R-R p3_e1:p3_e1-eth2  Δtx=15767908 B  Δrx=15768526 B
Raw link load for one ring run:
  R-R p3_a2:p3_a2-eth1  Δtx=15768526 B  Δrx=15767908 B
Raw link load for one ring run:
  R-R p3_e1:p3_e1-eth3  Δtx=5042 B  Δrx=6692 B
Raw link load for one ring run:
  R-R p3_a3:p3_a3-eth1  Δtx=6692 B  Δrx=5042 B
Raw link load for one ring run:
  R-R p0_a2:p0_a2-eth2  Δtx=7890045 B  Δrx=15763964 B
Raw link load for one ring run:
  R-R c0:c0-eth0  Δtx=15763964 B  Δrx=7890045 B
Raw link load for one ring run:
  R-R p0_a2:p0_a2-eth3  Δtx=23641709 B  Δrx=15777938 B
Raw link load for one ring run:
  R-R c1:c1-eth0  Δtx=15777938 B  Δrx=23641709 B
Raw link load for one ring run:
  R-R p0_a3:p0_a3-eth2  Δtx=5452 B  Δrx=5424 B
Raw link load for one ring run:
  R-R c2:c2-eth0  Δtx=5424 B  Δrx=5452 B
Raw link load for one ring run:
  R-R p0_a3:p0_a3-eth3  Δtx=5670 B  Δrx=5750 B
Raw link load for one ring run:
  R-R c3:c3-eth0  Δtx=5750 B  Δrx=5670 B
Raw link load for one ring run:
  R-R p1_a2:p1_a2-eth2  Δtx=7887041 B  Δrx=7885865 B
Raw link load for one ring run:
  R-R c0:c0-eth1  Δtx=7885865 B  Δrx=7887041 B
Raw link load for one ring run:
  R-R p1_a2:p1_a2-eth3  Δtx=23655259 B  Δrx=23648307 B
Raw link load for one ring run:
  R-R c1:c1-eth1  Δtx=23648307 B  Δrx=23655259 B
Raw link load for one ring run:
  R-R p1_a3:p1_a3-eth2  Δtx=5718 B  Δrx=5754 B
Raw link load for one ring run:
  R-R c2:c2-eth1  Δtx=5754 B  Δrx=5718 B
Raw link load for one ring run:
  R-R p1_a3:p1_a3-eth3  Δtx=5700 B  Δrx=6326 B
Raw link load for one ring run:
  R-R c3:c3-eth1  Δtx=6326 B  Δrx=5700 B
Raw link load for one ring run:
  R-R p2_a2:p2_a2-eth2  Δtx=7886265 B  Δrx=7886179 B
Raw link load for one ring run:
  R-R c0:c0-eth2  Δtx=7886179 B  Δrx=7886265 B
Raw link load for one ring run:
  R-R p2_a2:p2_a2-eth3  Δtx=23650071 B  Δrx=23650927 B
Raw link load for one ring run:
  R-R c1:c1-eth2  Δtx=23650927 B  Δrx=23650071 B
Raw link load for one ring run:
  R-R p2_a3:p2_a3-eth2  Δtx=5436 B  Δrx=5870 B
Raw link load for one ring run:
  R-R c2:c2-eth2  Δtx=5870 B  Δrx=5436 B
Raw link load for one ring run:
  R-R p2_a3:p2_a3-eth3  Δtx=5774 B  Δrx=6112 B
Raw link load for one ring run:
  R-R c3:c3-eth2  Δtx=6112 B  Δrx=5774 B
Raw link load for one ring run:
  R-R p3_a2:p3_a2-eth2  Δtx=15761634 B  Δrx=7891825 B
Raw link load for one ring run:
  R-R c0:c0-eth3  Δtx=7891825 B  Δrx=15761634 B
Raw link load for one ring run:
  R-R p3_a2:p3_a2-eth3  Δtx=15773402 B  Δrx=23644179 B
Raw link load for one ring run:
  R-R c1:c1-eth3  Δtx=23644179 B  Δrx=15773402 B
Raw link load for one ring run:
  R-R p3_a3:p3_a3-eth2  Δtx=5356 B  Δrx=6092 B
Raw link load for one ring run:
  R-R c2:c2-eth3  Δtx=6092 B  Δrx=5356 B
Raw link load for one ring run:
  R-R p3_a3:p3_a3-eth3  Δtx=5832 B  Δrx=6106 B
Raw link load for one ring run:
  R-R c3:c3-eth3  Δtx=6106 B  Δrx=5832 B
Raw link load for one ring run:
  R-H p0_e0:p0_e0-eth0  Δtx=7880219 B  Δrx=7881241 B
Raw link load for one ring run:
  R-H h_p0_e0_2:h_p0_e0_2-eth0  Δtx=7881241 B  Δrx=7880219 B
Raw link load for one ring run:
  R-H p0_e0:p0_e0-eth1  Δtx=7881911 B  Δrx=7880493 B
Raw link load for one ring run:
  R-H h_p0_e0_3:h_p0_e0_3-eth0  Δtx=7880493 B  Δrx=7881911 B
Raw link load for one ring run:
  R-H p0_e1:p0_e1-eth0  Δtx=7882583 B  Δrx=7879645 B
Raw link load for one ring run:
  R-H h_p0_e1_2:h_p0_e1_2-eth0  Δtx=7879645 B  Δrx=7882583 B
Raw link load for one ring run:
  R-H p0_e1:p0_e1-eth1  Δtx=7885637 B  Δrx=7880339 B
Raw link load for one ring run:
  R-H h_p0_e1_3:h_p0_e1_3-eth0  Δtx=7880339 B  Δrx=7885637 B
Raw link load for one ring run:
  R-H p1_e0:p1_e0-eth0  Δtx=7880735 B  Δrx=7881733 B
Raw link load for one ring run:
  R-H h_p1_e0_2:h_p1_e0_2-eth0  Δtx=7881733 B  Δrx=7880735 B
Raw link load for one ring run:
  R-H p1_e0:p1_e0-eth1  Δtx=7879495 B  Δrx=7884463 B
Raw link load for one ring run:
  R-H h_p1_e0_3:h_p1_e0_3-eth0  Δtx=7884463 B  Δrx=7879495 B
Raw link load for one ring run:
  R-H p1_e1:p1_e1-eth0  Δtx=7881551 B  Δrx=7881957 B
Raw link load for one ring run:
  R-H h_p1_e1_2:h_p1_e1_2-eth0  Δtx=7881957 B  Δrx=7881551 B
Raw link load for one ring run:
  R-H p1_e1:p1_e1-eth1  Δtx=7880529 B  Δrx=7884751 B
Raw link load for one ring run:
  R-H h_p1_e1_3:h_p1_e1_3-eth0  Δtx=7884751 B  Δrx=7880529 B
Raw link load for one ring run:
  R-H p2_e0:p2_e0-eth0  Δtx=7880459 B  Δrx=7882075 B
Raw link load for one ring run:
  R-H h_p2_e0_2:h_p2_e0_2-eth0  Δtx=7882075 B  Δrx=7880459 B
Raw link load for one ring run:
  R-H p2_e0:p2_e0-eth1  Δtx=7883111 B  Δrx=7880713 B
Raw link load for one ring run:
  R-H h_p2_e0_3:h_p2_e0_3-eth0  Δtx=7880713 B  Δrx=7883111 B
Raw link load for one ring run:
  R-H p2_e1:p2_e1-eth0  Δtx=7881253 B  Δrx=7883799 B
Raw link load for one ring run:
  R-H h_p2_e1_2:h_p2_e1_2-eth0  Δtx=7883799 B  Δrx=7881253 B
Raw link load for one ring run:
  R-H p2_e1:p2_e1-eth1  Δtx=7880843 B  Δrx=7880305 B
Raw link load for one ring run:
  R-H h_p2_e1_3:h_p2_e1_3-eth0  Δtx=7880305 B  Δrx=7880843 B
Raw link load for one ring run:
  R-H p3_e0:p3_e0-eth0  Δtx=7881119 B  Δrx=7880821 B
Raw link load for one ring run:
  R-H h_p3_e0_2:h_p3_e0_2-eth0  Δtx=7880821 B  Δrx=7881119 B
Raw link load for one ring run:
  R-H p3_e0:p3_e0-eth1  Δtx=7880987 B  Δrx=7881217 B
Raw link load for one ring run:
  R-H h_p3_e0_3:h_p3_e0_3-eth0  Δtx=7881217 B  Δrx=7880987 B
Raw link load for one ring run:
  R-H p3_e1:p3_e1-eth0  Δtx=7881085 B  Δrx=7883249 B
Raw link load for one ring run:
  R-H h_p3_e1_2:h_p3_e1_2-eth0  Δtx=7883249 B  Δrx=7881085 B
Raw link load for one ring run:
  R-H p3_e1:p3_e1-eth1  Δtx=7881143 B  Δrx=7879559 B
Raw link load for one ring run:
  R-H h_p3_e1_3:h_p3_e1_3-eth0  Δtx=7879559 B  Δrx=7881143 B
