Ring all-reduce paths (k=8, 128 hosts)
Traced via: ip route get with actual TCP ephemeral ports
============================================================

rank   0 -> rank   1:  h_p0_e0_2 -> p0_e0 -> p0_a4 -> c0 -> p1_a4 -> p1_e0 -> h_p1_e0_2
rank   1 -> rank   2:  h_p1_e0_2 -> p1_e0 -> p1_a4 -> c0 -> p2_a4 -> p2_e0 -> h_p2_e0_2
rank   2 -> rank   3:  h_p2_e0_2 -> p2_e0 -> p2_a5 -> c5 -> p3_a5 -> p3_e0 -> h_p3_e0_2
rank   3 -> rank   4:  h_p3_e0_2 -> p3_e0 -> p3_a6 -> c10 -> p4_a6 -> p4_e0 -> h_p4_e0_2
rank   4 -> rank   5:  h_p4_e0_2 -> p4_e0 -> p4_a4 -> c0 -> p5_a4 -> p5_e0 -> h_p5_e0_2
rank   5 -> rank   6:  h_p5_e0_2 -> p5_e0 -> p5_a5 -> c5 -> p6_a5 -> p6_e0 -> h_p6_e0_2
rank   6 -> rank   7:  h_p6_e0_2 -> p6_e0 -> p6_a6 -> c10 -> p7_a6 -> p7_e0 -> h_p7_e0_2
rank   7 -> rank   8:  h_p7_e0_2 -> p7_e0 -> p7_a5 -> c5 -> p0_a5 -> p0_e0 -> h_p0_e0_3
rank   8 -> rank   9:  h_p0_e0_3 -> p0_e0 -> p0_a6 -> c10 -> p1_a6 -> p1_e0 -> h_p1_e0_3
rank   9 -> rank  10:  h_p1_e0_3 -> p1_e0 -> p1_a7 -> c15 -> p2_a7 -> p2_e0 -> h_p2_e0_3
rank  10 -> rank  11:  h_p2_e0_3 -> p2_e0 -> p2_a5 -> c5 -> p3_a5 -> p3_e0 -> h_p3_e0_3
rank  11 -> rank  12:  h_p3_e0_3 -> p3_e0 -> p3_a5 -> c5 -> p4_a5 -> p4_e0 -> h_p4_e0_3
rank  12 -> rank  13:  h_p4_e0_3 -> p4_e0 -> p4_a4 -> c0 -> p5_a4 -> p5_e0 -> h_p5_e0_3
rank  13 -> rank  14:  h_p5_e0_3 -> p5_e0 -> p5_a4 -> c0 -> p6_a4 -> p6_e0 -> h_p6_e0_3
rank  14 -> rank  15:  h_p6_e0_3 -> p6_e0 -> p6_a5 -> c5 -> p7_a5 -> p7_e0 -> h_p7_e0_3
rank  15 -> rank  16:  h_p7_e0_3 -> p7_e0 -> p7_a4 -> c0 -> p0_a4 -> p0_e0 -> h_p0_e0_4
rank  16 -> rank  17:  h_p0_e0_4 -> p0_e0 -> p0_a5 -> c5 -> p1_a5 -> p1_e0 -> h_p1_e0_4
rank  17 -> rank  18:  h_p1_e0_4 -> p1_e0 -> p1_a6 -> c10 -> p2_a6 -> p2_e0 -> h_p2_e0_4
rank  18 -> rank  19:  h_p2_e0_4 -> p2_e0 -> p2_a4 -> c0 -> p3_a4 -> p3_e0 -> h_p3_e0_4
rank  19 -> rank  20:  h_p3_e0_4 -> p3_e0 -> p3_a4 -> c0 -> p4_a4 -> p4_e0 -> h_p4_e0_4
rank  20 -> rank  21:  h_p4_e0_4 -> p4_e0 -> p4_a6 -> c10 -> p5_a6 -> p5_e0 -> h_p5_e0_4
rank  21 -> rank  22:  h_p5_e0_4 -> p5_e0 -> p5_a5 -> c5 -> p6_a5 -> p6_e0 -> h_p6_e0_4
rank  22 -> rank  23:  h_p6_e0_4 -> p6_e0 -> p6_a6 -> c10 -> p7_a6 -> p7_e0 -> h_p7_e0_4
rank  23 -> rank  24:  h_p7_e0_4 -> p7_e0 -> p7_a7 -> c15 -> p0_a7 -> p0_e0 -> h_p0_e0_5
rank  24 -> rank  25:  h_p0_e0_5 -> p0_e0 -> p0_a4 -> c0 -> p1_a4 -> p1_e0 -> h_p1_e0_5
rank  25 -> rank  26:  h_p1_e0_5 -> p1_e0 -> p1_a5 -> c5 -> p2_a5 -> p2_e0 -> h_p2_e0_5
rank  26 -> rank  27:  h_p2_e0_5 -> p2_e0 -> p2_a6 -> c10 -> p3_a6 -> p3_e0 -> h_p3_e0_5
rank  27 -> rank  28:  h_p3_e0_5 -> p3_e0 -> p3_a6 -> c10 -> p4_a6 -> p4_e0 -> h_p4_e0_5
rank  28 -> rank  29:  h_p4_e0_5 -> p4_e0 -> p4_a5 -> c5 -> p5_a5 -> p5_e0 -> h_p5_e0_5
rank  29 -> rank  30:  h_p5_e0_5 -> p5_e0 -> p5_a4 -> c0 -> p6_a4 -> p6_e0 -> h_p6_e0_5
rank  30 -> rank  31:  h_p6_e0_5 -> p6_e0 -> p6_a4 -> c0 -> p7_a4 -> p7_e0 -> h_p7_e0_5
rank  31 -> rank  32:  h_p7_e0_5 -> p7_e0 -> p7_a7 -> c15 -> p0_a7 -> p0_e1 -> h_p0_e1_2
rank  32 -> rank  33:  h_p0_e1_2 -> p0_e1 -> p0_a5 -> c5 -> p1_a5 -> p1_e1 -> h_p1_e1_2
rank  33 -> rank  34:  h_p1_e1_2 -> p1_e1 -> p1_a7 -> c15 -> p2_a7 -> p2_e1 -> h_p2_e1_2
rank  34 -> rank  35:  h_p2_e1_2 -> p2_e1 -> p2_a6 -> c10 -> p3_a6 -> p3_e1 -> h_p3_e1_2
rank  35 -> rank  36:  h_p3_e1_2 -> p3_e1 -> p3_a6 -> c10 -> p4_a6 -> p4_e1 -> h_p4_e1_2
rank  36 -> rank  37:  h_p4_e1_2 -> p4_e1 -> p4_a4 -> c0 -> p5_a4 -> p5_e1 -> h_p5_e1_2
rank  37 -> rank  38:  h_p5_e1_2 -> p5_e1 -> p5_a7 -> c15 -> p6_a7 -> p6_e1 -> h_p6_e1_2
rank  38 -> rank  39:  h_p6_e1_2 -> p6_e1 -> p6_a7 -> c15 -> p7_a7 -> p7_e1 -> h_p7_e1_2
rank  39 -> rank  40:  h_p7_e1_2 -> p7_e1 -> p7_a5 -> c5 -> p0_a5 -> p0_e1 -> h_p0_e1_3
rank  40 -> rank  41:  h_p0_e1_3 -> p0_e1 -> p0_a7 -> c15 -> p1_a7 -> p1_e1 -> h_p1_e1_3
rank  41 -> rank  42:  h_p1_e1_3 -> p1_e1 -> p1_a7 -> c15 -> p2_a7 -> p2_e1 -> h_p2_e1_3
rank  42 -> rank  43:  h_p2_e1_3 -> p2_e1 -> p2_a4 -> c0 -> p3_a4 -> p3_e1 -> h_p3_e1_3
rank  43 -> rank  44:  h_p3_e1_3 -> p3_e1 -> p3_a4 -> c0 -> p4_a4 -> p4_e1 -> h_p4_e1_3
rank  44 -> rank  45:  h_p4_e1_3 -> p4_e1 -> p4_a7 -> c15 -> p5_a7 -> p5_e1 -> h_p5_e1_3
rank  45 -> rank  46:  h_p5_e1_3 -> p5_e1 -> p5_a6 -> c10 -> p6_a6 -> p6_e1 -> h_p6_e1_3
rank  46 -> rank  47:  h_p6_e1_3 -> p6_e1 -> p6_a6 -> c10 -> p7_a6 -> p7_e1 -> h_p7_e1_3
rank  47 -> rank  48:  h_p7_e1_3 -> p7_e1 -> p7_a4 -> c0 -> p0_a4 -> p0_e1 -> h_p0_e1_4
rank  48 -> rank  49:  h_p0_e1_4 -> p0_e1 -> p0_a7 -> c15 -> p1_a7 -> p1_e1 -> h_p1_e1_4
rank  49 -> rank  50:  h_p1_e1_4 -> p1_e1 -> p1_a6 -> c10 -> p2_a6 -> p2_e1 -> h_p2_e1_4
rank  50 -> rank  51:  h_p2_e1_4 -> p2_e1 -> p2_a7 -> c15 -> p3_a7 -> p3_e1 -> h_p3_e1_4
rank  51 -> rank  52:  h_p3_e1_4 -> p3_e1 -> p3_a7 -> c15 -> p4_a7 -> p4_e1 -> h_p4_e1_4
rank  52 -> rank  53:  h_p4_e1_4 -> p4_e1 -> p4_a4 -> c0 -> p5_a4 -> p5_e1 -> h_p5_e1_4
rank  53 -> rank  54:  h_p5_e1_4 -> p5_e1 -> p5_a4 -> c0 -> p6_a4 -> p6_e1 -> h_p6_e1_4
rank  54 -> rank  55:  h_p6_e1_4 -> p6_e1 -> p6_a5 -> c5 -> p7_a5 -> p7_e1 -> h_p7_e1_4
rank  55 -> rank  56:  h_p7_e1_4 -> p7_e1 -> p7_a4 -> c0 -> p0_a4 -> p0_e1 -> h_p0_e1_5
rank  56 -> rank  57:  h_p0_e1_5 -> p0_e1 -> p0_a7 -> c15 -> p1_a7 -> p1_e1 -> h_p1_e1_5
rank  57 -> rank  58:  h_p1_e1_5 -> p1_e1 -> p1_a4 -> c0 -> p2_a4 -> p2_e1 -> h_p2_e1_5
rank  58 -> rank  59:  h_p2_e1_5 -> p2_e1 -> p2_a6 -> c10 -> p3_a6 -> p3_e1 -> h_p3_e1_5
rank  59 -> rank  60:  h_p3_e1_5 -> p3_e1 -> p3_a6 -> c10 -> p4_a6 -> p4_e1 -> h_p4_e1_5
rank  60 -> rank  61:  h_p4_e1_5 -> p4_e1 -> p4_a7 -> c15 -> p5_a7 -> p5_e1 -> h_p5_e1_5
rank  61 -> rank  62:  h_p5_e1_5 -> p5_e1 -> p5_a4 -> c0 -> p6_a4 -> p6_e1 -> h_p6_e1_5
rank  62 -> rank  63:  h_p6_e1_5 -> p6_e1 -> p6_a6 -> c10 -> p7_a6 -> p7_e1 -> h_p7_e1_5
rank  63 -> rank  64:  h_p7_e1_5 -> p7_e1 -> p7_a5 -> c5 -> p0_a5 -> p0_e2 -> h_p0_e2_2
rank  64 -> rank  65:  h_p0_e2_2 -> p0_e2 -> p0_a6 -> c10 -> p1_a6 -> p1_e2 -> h_p1_e2_2
rank  65 -> rank  66:  h_p1_e2_2 -> p1_e2 -> p1_a6 -> c10 -> p2_a6 -> p2_e2 -> h_p2_e2_2
rank  66 -> rank  67:  h_p2_e2_2 -> p2_e2 -> p2_a5 -> c5 -> p3_a5 -> p3_e2 -> h_p3_e2_2
rank  67 -> rank  68:  h_p3_e2_2 -> p3_e2 -> p3_a7 -> c15 -> p4_a7 -> p4_e2 -> h_p4_e2_2
rank  68 -> rank  69:  h_p4_e2_2 -> p4_e2 -> p4_a5 -> c5 -> p5_a5 -> p5_e2 -> h_p5_e2_2
rank  69 -> rank  70:  h_p5_e2_2 -> p5_e2 -> p5_a4 -> c0 -> p6_a4 -> p6_e2 -> h_p6_e2_2
rank  70 -> rank  71:  h_p6_e2_2 -> p6_e2 -> p6_a7 -> c15 -> p7_a7 -> p7_e2 -> h_p7_e2_2
rank  71 -> rank  72:  h_p7_e2_2 -> p7_e2 -> p7_a4 -> c0 -> p0_a4 -> p0_e2 -> h_p0_e2_3
rank  72 -> rank  73:  h_p0_e2_3 -> p0_e2 -> p0_a4 -> c0 -> p1_a4 -> p1_e2 -> h_p1_e2_3
rank  73 -> rank  74:  h_p1_e2_3 -> p1_e2 -> p1_a6 -> c10 -> p2_a6 -> p2_e2 -> h_p2_e2_3
rank  74 -> rank  75:  h_p2_e2_3 -> p2_e2 -> p2_a7 -> c15 -> p3_a7 -> p3_e2 -> h_p3_e2_3
rank  75 -> rank  76:  h_p3_e2_3 -> p3_e2 -> p3_a6 -> c10 -> p4_a6 -> p4_e2 -> h_p4_e2_3
rank  76 -> rank  77:  h_p4_e2_3 -> p4_e2 -> p4_a7 -> c15 -> p5_a7 -> p5_e2 -> h_p5_e2_3
rank  77 -> rank  78:  h_p5_e2_3 -> p5_e2 -> p5_a4 -> c0 -> p6_a4 -> p6_e2 -> h_p6_e2_3
rank  78 -> rank  79:  h_p6_e2_3 -> p6_e2 -> p6_a7 -> c15 -> p7_a7 -> p7_e2 -> h_p7_e2_3
rank  79 -> rank  80:  h_p7_e2_3 -> p7_e2 -> p7_a7 -> c15 -> p0_a7 -> p0_e2 -> h_p0_e2_4
rank  80 -> rank  81:  h_p0_e2_4 -> p0_e2 -> p0_a6 -> c10 -> p1_a6 -> p1_e2 -> h_p1_e2_4
rank  81 -> rank  82:  h_p1_e2_4 -> p1_e2 -> p1_a4 -> c0 -> p2_a4 -> p2_e2 -> h_p2_e2_4
rank  82 -> rank  83:  h_p2_e2_4 -> p2_e2 -> p2_a6 -> c10 -> p3_a6 -> p3_e2 -> h_p3_e2_4
rank  83 -> rank  84:  h_p3_e2_4 -> p3_e2 -> p3_a4 -> c0 -> p4_a4 -> p4_e2 -> h_p4_e2_4
rank  84 -> rank  85:  h_p4_e2_4 -> p4_e2 -> p4_a5 -> c5 -> p5_a5 -> p5_e2 -> h_p5_e2_4
rank  85 -> rank  86:  h_p5_e2_4 -> p5_e2 -> p5_a5 -> c5 -> p6_a5 -> p6_e2 -> h_p6_e2_4
rank  86 -> rank  87:  h_p6_e2_4 -> p6_e2 -> p6_a7 -> c15 -> p7_a7 -> p7_e2 -> h_p7_e2_4
rank  87 -> rank  88:  h_p7_e2_4 -> p7_e2 -> p7_a4 -> c0 -> p0_a4 -> p0_e2 -> h_p0_e2_5
rank  88 -> rank  89:  h_p0_e2_5 -> p0_e2 -> p0_a5 -> c5 -> p1_a5 -> p1_e2 -> h_p1_e2_5
rank  89 -> rank  90:  h_p1_e2_5 -> p1_e2 -> p1_a7 -> c15 -> p2_a7 -> p2_e2 -> h_p2_e2_5
rank  90 -> rank  91:  h_p2_e2_5 -> p2_e2 -> p2_a7 -> c15 -> p3_a7 -> p3_e2 -> h_p3_e2_5
rank  91 -> rank  92:  h_p3_e2_5 -> p3_e2 -> p3_a4 -> c0 -> p4_a4 -> p4_e2 -> h_p4_e2_5
rank  92 -> rank  93:  h_p4_e2_5 -> p4_e2 -> p4_a5 -> c5 -> p5_a5 -> p5_e2 -> h_p5_e2_5
rank  93 -> rank  94:  h_p5_e2_5 -> p5_e2 -> p5_a4 -> c0 -> p6_a4 -> p6_e2 -> h_p6_e2_5
rank  94 -> rank  95:  h_p6_e2_5 -> p6_e2 -> p6_a6 -> c10 -> p7_a6 -> p7_e2 -> h_p7_e2_5
rank  95 -> rank  96:  h_p7_e2_5 -> p7_e2 -> p7_a6 -> c10 -> p0_a6 -> p0_e3 -> h_p0_e3_2
rank  96 -> rank  97:  h_p0_e3_2 -> p0_e3 -> p0_a5 -> c5 -> p1_a5 -> p1_e3 -> h_p1_e3_2
rank  97 -> rank  98:  h_p1_e3_2 -> p1_e3 -> p1_a7 -> c15 -> p2_a7 -> p2_e3 -> h_p2_e3_2
rank  98 -> rank  99:  h_p2_e3_2 -> p2_e3 -> p2_a5 -> c5 -> p3_a5 -> p3_e3 -> h_p3_e3_2
rank  99 -> rank 100:  h_p3_e3_2 -> p3_e3 -> p3_a6 -> c10 -> p4_a6 -> p4_e3 -> h_p4_e3_2
rank 100 -> rank 101:  h_p4_e3_2 -> p4_e3 -> p4_a7 -> c15 -> p5_a7 -> p5_e3 -> h_p5_e3_2
rank 101 -> rank 102:  h_p5_e3_2 -> p5_e3 -> p5_a6 -> c10 -> p6_a6 -> p6_e3 -> h_p6_e3_2
rank 102 -> rank 103:  h_p6_e3_2 -> p6_e3 -> p6_a5 -> c5 -> p7_a5 -> p7_e3 -> h_p7_e3_2
rank 103 -> rank 104:  h_p7_e3_2 -> p7_e3 -> p7_a4 -> c0 -> p0_a4 -> p0_e3 -> h_p0_e3_3
rank 104 -> rank 105:  h_p0_e3_3 -> p0_e3 -> p0_a5 -> c5 -> p1_a5 -> p1_e3 -> h_p1_e3_3
rank 105 -> rank 106:  h_p1_e3_3 -> p1_e3 -> p1_a4 -> c0 -> p2_a4 -> p2_e3 -> h_p2_e3_3
rank 106 -> rank 107:  h_p2_e3_3 -> p2_e3 -> p2_a4 -> c0 -> p3_a4 -> p3_e3 -> h_p3_e3_3
rank 107 -> rank 108:  h_p3_e3_3 -> p3_e3 -> p3_a7 -> c15 -> p4_a7 -> p4_e3 -> h_p4_e3_3
rank 108 -> rank 109:  h_p4_e3_3 -> p4_e3 -> p4_a5 -> c5 -> p5_a5 -> p5_e3 -> h_p5_e3_3
rank 109 -> rank 110:  h_p5_e3_3 -> p5_e3 -> p5_a5 -> c5 -> p6_a5 -> p6_e3 -> h_p6_e3_3
rank 110 -> rank 111:  h_p6_e3_3 -> p6_e3 -> p6_a5 -> c5 -> p7_a5 -> p7_e3 -> h_p7_e3_3
rank 111 -> rank 112:  h_p7_e3_3 -> p7_e3 -> p7_a4 -> c0 -> p0_a4 -> p0_e3 -> h_p0_e3_4
rank 112 -> rank 113:  h_p0_e3_4 -> p0_e3 -> p0_a4 -> c0 -> p1_a4 -> p1_e3 -> h_p1_e3_4
rank 113 -> rank 114:  h_p1_e3_4 -> p1_e3 -> p1_a7 -> c15 -> p2_a7 -> p2_e3 -> h_p2_e3_4
rank 114 -> rank 115:  h_p2_e3_4 -> p2_e3 -> p2_a6 -> c10 -> p3_a6 -> p3_e3 -> h_p3_e3_4
rank 115 -> rank 116:  h_p3_e3_4 -> p3_e3 -> p3_a5 -> c5 -> p4_a5 -> p4_e3 -> h_p4_e3_4
rank 116 -> rank 117:  h_p4_e3_4 -> p4_e3 -> p4_a7 -> c15 -> p5_a7 -> p5_e3 -> h_p5_e3_4
rank 117 -> rank 118:  h_p5_e3_4 -> p5_e3 -> p5_a4 -> c0 -> p6_a4 -> p6_e3 -> h_p6_e3_4
rank 118 -> rank 119:  h_p6_e3_4 -> p6_e3 -> p6_a5 -> c5 -> p7_a5 -> p7_e3 -> h_p7_e3_4
rank 119 -> rank 120:  h_p7_e3_4 -> p7_e3 -> p7_a4 -> c0 -> p0_a4 -> p0_e3 -> h_p0_e3_5
rank 120 -> rank 121:  h_p0_e3_5 -> p0_e3 -> p0_a5 -> c5 -> p1_a5 -> p1_e3 -> h_p1_e3_5
rank 121 -> rank 122:  h_p1_e3_5 -> p1_e3 -> p1_a7 -> c15 -> p2_a7 -> p2_e3 -> h_p2_e3_5
rank 122 -> rank 123:  h_p2_e3_5 -> p2_e3 -> p2_a5 -> c5 -> p3_a5 -> p3_e3 -> h_p3_e3_5
rank 123 -> rank 124:  h_p3_e3_5 -> p3_e3 -> p3_a5 -> c5 -> p4_a5 -> p4_e3 -> h_p4_e3_5
rank 124 -> rank 125:  h_p4_e3_5 -> p4_e3 -> p4_a4 -> c0 -> p5_a4 -> p5_e3 -> h_p5_e3_5
rank 125 -> rank 126:  h_p5_e3_5 -> p5_e3 -> p5_a7 -> c15 -> p6_a7 -> p6_e3 -> h_p6_e3_5
rank 126 -> rank 127:  h_p6_e3_5 -> p6_e3 -> p6_a7 -> c15 -> p7_a7 -> p7_e3 -> h_p7_e3_5
rank 127 -> rank   0:  h_p7_e3_5 -> p7_e3 -> p7_a6 -> c10 -> p0_a6 -> p0_e0 -> h_p0_e0_2

